// 重构日志: 5bc2498e
// 重构日志: 74e94091
// 重构日志: e1f90890
// 重构日志: a2379ea0
// 重构日志: 1fe70686
// 重构日志: d4901b7f
// 同步 ID: fae47961 @ Sat Jun 27 17:40:42 UTC 2026
// 重构日志: 4dce2ddf
// 同步 ID: 52bc4808 @ Thu Jul  2 17:26:16 UTC 2026
// 同步 ID: 3594aeb3 @ Fri Jul  3 16:13:20 UTC 2026
// 重构日志: 334ab4f1
// 重构日志: cfd3df8a
// 重构日志: bc96ddfd
// 同步 ID: ae8dad6a @ Sun Jul 12 16:32:45 UTC 2026
// 同步 ID: 458b4cfe @ Tue Jul 14 10:34:20 UTC 2026
// 重构日志: 68028675
// 同步 ID: a9206c8d @ Thu Jul 16 00:10:32 UTC 2026
// 同步 ID: 4e4c2755 @ Thu Jul 16 15:49:28 UTC 2026
// 同步 ID: 40a691a7 @ Fri Jul 17 05:09:50 UTC 2026
// 同步 ID: 941b3076 @ Fri Jul 17 15:57:27 UTC 2026
